<?xml version="1.0" encoding="UTF-8"?>
<!-- Generated by org.testng.reporters.JUnitReportReporter -->
<testsuite hostname="pc-199.home" failures="0" tests="5" name="ThirdLessonn" time="4.924" errors="0" timestamp="2025-04-19T18:06:39 EET" skipped="2">
  <testcase classname="ThirdLessonn" name="login" time="1.182"/>
  <testcase classname="ThirdLessonn" name="AddAllItems" time="0.511"/>
  <testcase classname="ThirdLessonn" name="RemoveAllItems" time="3.231"/>
  <testcase classname="ThirdLessonn" name="Logout">
    <skipped/>
  </testcase> <!-- Logout -->
  <testcase classname="ThirdLessonn" name="removeItemFromTheCart">
    <skipped/>
  </testcase> <!-- removeItemFromTheCart -->
</testsuite> <!-- ThirdLessonn -->
